{
  "RSpec": {
    "coverage": {
      "/home/giovani/Documentos/Univem/Sabatine/MetronAPI/app/helpers/application_helper.rb": [
        1,
        null
      ],
      "/home/giovani/Documentos/Univem/Sabatine/MetronAPI/app/helpers/customers_helper.rb": [
        1,
        null
      ],
      "/home/giovani/Documentos/Univem/Sabatine/MetronAPI/app/helpers/services_helper.rb": [
        1,
        null
      ],
      "/home/giovani/Documentos/Univem/Sabatine/MetronAPI/app/controllers/api/v1/services_controller.rb": [
        1,
        null,
        1,
        null,
        null,
        null,
        1,
        1,
        1,
        null,
        null,
        null,
        null,
        1,
        2,
        1,
        null,
        1,
        null,
        null,
        null,
        null,
        null,
        1,
        2,
        2,
        1,
        null,
        1,
        null,
        null,
        null,
        null,
        null,
        1,
        3,
        2,
        1,
        null,
        1,
        null,
        null,
        1,
        null,
        null,
        null,
        null,
        null,
        1,
        3,
        2,
        1,
        null,
        1,
        null,
        null,
        1,
        null,
        null,
        null,
        1,
        null,
        1,
        8,
        null,
        null,
        null,
        1,
        4,
        null,
        null
      ],
      "/home/giovani/Documentos/Univem/Sabatine/MetronAPI/app/controllers/application_controller.rb": [
        1,
        1,
        null
      ],
      "/home/giovani/Documentos/Univem/Sabatine/MetronAPI/app/models/service.rb": [
        1,
        null
      ],
      "/home/giovani/Documentos/Univem/Sabatine/MetronAPI/app/models/application_record.rb": [
        1,
        1,
        null
      ],
      "/home/giovani/Documentos/Univem/Sabatine/MetronAPI/app/mailers/application_mailer.rb": [
        0,
        0,
        0,
        0
      ],
      "/home/giovani/Documentos/Univem/Sabatine/MetronAPI/app/serializers/customer_serializer.rb": [
        0,
        0,
        0,
        0
      ],
      "/home/giovani/Documentos/Univem/Sabatine/MetronAPI/app/jobs/application_job.rb": [
        0,
        0
      ],
      "/home/giovani/Documentos/Univem/Sabatine/MetronAPI/app/channels/application_cable/channel.rb": [
        0,
        0,
        0,
        0
      ],
      "/home/giovani/Documentos/Univem/Sabatine/MetronAPI/app/channels/application_cable/connection.rb": [
        0,
        0,
        0,
        0
      ],
      "/home/giovani/Documentos/Univem/Sabatine/MetronAPI/app/controllers/api/api.rb": [
        0,
        0
      ],
      "/home/giovani/Documentos/Univem/Sabatine/MetronAPI/app/controllers/api/v1/customers_controller.rb": [
        0,
        0,
        null,
        0,
        0,
        0,
        0,
        null,
        null,
        null,
        0,
        0,
        null,
        null,
        null,
        0,
        0,
        null,
        0,
        0,
        0,
        0,
        0,
        0,
        null,
        null,
        null,
        0,
        0,
        0,
        0,
        0,
        0,
        0,
        null,
        null,
        null,
        0,
        0,
        0,
        null,
        0,
        null,
        0,
        0,
        0,
        null,
        null,
        0,
        0,
        0,
        0
      ],
      "/home/giovani/Documentos/Univem/Sabatine/MetronAPI/app/models/customer.rb": [
        0,
        null,
        0,
        0,
        0,
        0,
        0,
        null,
        0,
        0,
        0,
        0
      ]
    },
    "timestamp": 1572039378
  }
}
